{
  "RSpec": {
    "coverage": {
      "/Users/James/Projects/sudoku/spec/board_spec.rb": [
        1,
        null,
        1,
        3,
        null,
        1,
        1,
        1,
        null,
        1,
        1,
        1,
        9,
        9,
        null,
        null,
        null,
        null
      ],
      "/Users/James/Projects/sudoku/lib/board.rb": [
        1,
        1,
        null,
        1,
        2,
        null,
        null,
        1,
        182,
        182,
        null,
        null
      ],
      "/Users/James/Projects/sudoku/spec/cell_spec.rb": [
        1,
        null,
        1,
        2,
        null,
        1,
        1,
        1,
        null,
        null,
        null
      ],
      "/Users/James/Projects/sudoku/lib/cell.rb": [
        1,
        1,
        null,
        1,
        3,
        null,
        null
      ],
      "/Users/James/Projects/sudoku/spec/game_spec.rb": [

      ]
    },
    "timestamp": 1511549088
  }
}
